Array
(
    [_FCGI_X_PIPE_] => \\.\pipe\IISFCGI-75633941-1ae5-4832-87cf-1de07b767065
    [PHP_FCGI_MAX_REQUESTS] => 200
    [PHPRC] => C:\PHP\
    [ALLUSERSPROFILE] => C:\ProgramData
    [APPDATA] => C:\WINDOWS\system32\config\systemprofile\AppData\Roaming
    [APP_POOL_CONFIG] => C:\inetpub\temp\apppools\88-Probatv\88-Probatv.config
    [APP_POOL_ID] => 88-Probatv
    [CommonProgramFiles] => C:\Program Files\Common Files
    [CommonProgramFiles(x86)] => C:\Program Files (x86)\Common Files
    [CommonProgramW6432] => C:\Program Files\Common Files
    [COMPUTERNAME] => DESKTOP-3BB10IB
    [ComSpec] => C:\WINDOWS\system32\cmd.exe
    [DriverData] => C:\Windows\System32\Drivers\DriverData
    [LOCALAPPDATA] => C:\WINDOWS\system32\config\systemprofile\AppData\Local
    [NUMBER_OF_PROCESSORS] => 4
    [OS] => Windows_NT
    [Path] => C:\WINDOWS\system32;C:\WINDOWS;C:\WINDOWS\System32\Wbem;C:\WINDOWS\System32\WindowsPowerShell\v1.0\;C:\WINDOWS\System32\OpenSSH\;C:\Program Files (x86)\Pandoc\;c:\PHP;C:\Program Files\Git\cmd;C:\Program Files\nodejs\;C:\ProgramData\ComposerSetup\bin;C:\WINDOWS\system32\config\systemprofile\AppData\Local\Microsoft\WindowsApps
    [PATHEXT] => .COM;.EXE;.BAT;.CMD;.VBS;.VBE;.JS;.JSE;.WSF;.WSH;.MSC
    [PROCESSOR_ARCHITECTURE] => AMD64
    [PROCESSOR_IDENTIFIER] => Intel64 Family 6 Model 126 Stepping 5, GenuineIntel
    [PROCESSOR_LEVEL] => 6
    [PROCESSOR_REVISION] => 7e05
    [ProgramData] => C:\ProgramData
    [ProgramFiles] => C:\Program Files
    [ProgramFiles(x86)] => C:\Program Files (x86)
    [ProgramW6432] => C:\Program Files
    [PSModulePath] => C:\Program Files\WindowsPowerShell\Modules;C:\WINDOWS\system32\WindowsPowerShell\v1.0\Modules
    [PUBLIC] => C:\Users\Public
    [SystemDrive] => C:
    [SystemRoot] => C:\WINDOWS
    [TEMP] => C:\WINDOWS\TEMP
    [TMP] => C:\WINDOWS\TEMP
    [USERDOMAIN] => WORKGROUP
    [USERNAME] => DESKTOP-3BB10IB$
    [USERPROFILE] => C:\WINDOWS\system32\config\systemprofile
    [windir] => C:\WINDOWS
    [ZES_ENABLE_SYSMAN] => 1
    [ORIG_PATH_INFO] => /index.php
    [URL] => /index.php
    [SERVER_SOFTWARE] => Microsoft-IIS/10.0
    [SERVER_PROTOCOL] => HTTP/1.1
    [SERVER_PORT_SECURE] => 0
    [SERVER_PORT] => 88
    [SERVER_NAME] => localhost
    [SCRIPT_NAME] => /index.php
    [SCRIPT_FILENAME] => C:\TMapTools\www\_uprazhneniya-s-fajlami-gpx\Sibyx\LoadBasicStats\index.php
    [REQUEST_URI] => /
    [REQUEST_METHOD] => GET
    [REMOTE_USER] => 
    [REMOTE_PORT] => 62876
    [REMOTE_HOST] => ::1
    [REMOTE_ADDR] => ::1
    [QUERY_STRING] => 
    [PATH_TRANSLATED] => C:\TMapTools\www\_uprazhneniya-s-fajlami-gpx\Sibyx\LoadBasicStats\index.php
    [LOGON_USER] => 
    [LOCAL_ADDR] => ::1
    [INSTANCE_META_PATH] => /LM/W3SVC/11
    [INSTANCE_NAME] => 88-PROBATV
    [INSTANCE_ID] => 11
    [HTTPS_SERVER_SUBJECT] => 
    [HTTPS_SERVER_ISSUER] => 
    [HTTPS_SECRETKEYSIZE] => 
    [HTTPS_KEYSIZE] => 
    [HTTPS] => off
    [GATEWAY_INTERFACE] => CGI/1.1
    [DOCUMENT_ROOT] => C:\TMapTools\www\_uprazhneniya-s-fajlami-gpx\Sibyx\LoadBasicStats
    [CONTENT_TYPE] => 
    [CONTENT_LENGTH] => 0
    [CERT_SUBJECT] => 
    [CERT_SERIALNUMBER] => 
    [CERT_ISSUER] => 
    [CERT_FLAGS] => 
    [CERT_COOKIE] => 
    [AUTH_USER] => 
    [AUTH_PASSWORD] => 
    [AUTH_TYPE] => 
    [APPL_PHYSICAL_PATH] => C:\TMapTools\www\_uprazhneniya-s-fajlami-gpx\Sibyx\LoadBasicStats\
    [APPL_MD_PATH] => /LM/W3SVC/11/ROOT
    [WEBSOCKET_VERSION] => 13
    [HTTP_SEC_FETCH_DEST] => document
    [HTTP_SEC_FETCH_USER] => ?1
    [HTTP_SEC_FETCH_MODE] => navigate
    [HTTP_SEC_FETCH_SITE] => none
    [HTTP_UPGRADE_INSECURE_REQUESTS] => 1
    [HTTP_SEC_CH_UA_PLATFORM] => "Windows"
    [HTTP_SEC_CH_UA_MOBILE] => ?0
    [HTTP_SEC_CH_UA] => "Chromium";v="146", "Not-A.Brand";v="24", "Google Chrome";v="146"
    [HTTP_USER_AGENT] => Mozilla/5.0 (Windows NT 10.0; Win64; x64) AppleWebKit/537.36 (KHTML, like Gecko) Chrome/146.0.0.0 Safari/537.36
    [HTTP_HOST] => localhost:88
    [HTTP_COOKIE] => UslCount=4; PlDom=2147.1; PlKvar=52.3; Vidblag=1; EtDom=9; GodStr=2016; KatDom=2; PerOto=1; NewsAmt=8; NewsView=1; aKolich=a%3A4%3A%7Bi%3A0%3Bd%3A52.3%3Bi%3A1%3Bd%3A3.214%3Bi%3A2%3Bd%3A52.3%3Bi%3A3%3Bd%3A52.3%3B%7D; aKorr=a%3A4%3A%7Bi%3A0%3Bd%3A214.17%3Bi%3A1%3Bd%3A0%3Bi%3A2%3Bd%3A-14.24%3Bi%3A3%3Bd%3A0%3B%7D; _ga=GA1.1.1577668593.1740728791; __utma=111872281.1577668593.1740728791.1746075788.1746075788.1; _ga_70H4JGK2LY=GS1.1.1746075787.1.1.1746076105.60.0.0; ResCookie=0; EditImg=Images%2Fsampo.jpg; PresMode=%D0%9E%D0%B4%D0%BD%D0%BE%D0%BA%D0%BE%D0%BB%D0%BE%D0%BD%D0%BE%D1%87%D0%BD%D1%8B%D0%B9+%D1%81+%D0%BF%D1%80%D0%B0%D0%B2%D0%BE%D1%81%D1%82%D0%BE%D1%80%D0%BE%D0%BD%D0%BD%D0%B5%D0%B9+%D0%B3%D0%B0%D0%BB%D0%B5%D1%80%D0%B5%D0%B5%D0%B9; Orient=landscape; PointCorner=%D0%9B%D0%B5%D0%B2%D1%8B%D0%B9+%D0%B2%D0%B5%D1%80%D1%85%D0%BD%D0%B8%D0%B9+%D1%83%D0%B3%D0%BE%D0%BB; PerSizeImg=20; PerMargeWidth=5; PerMargeHight=5; MaintainProp=%D0%94%D0%B0%2C+%D1%81%D0%BE%D1%85%D1%80%D0%B0%D0%BD%D1%8F%D1%82%D1%8C; FileStamp=images%2Fistamp.png; aInusl=a%3A4%3A%7Bi%3A0%3Bi%3A1%3Bi%3A1%3Bi%3A7%3Bi%3A2%3Bi%3A151%3Bi%3A3%3Bi%3A206%3B%7D; aTarif=a%3A4%3A%7Bi%3A0%3Bd%3A22.92%3Bi%3A1%3Bd%3A38.34%3Bi%3A2%3Bd%3A2.12%3Bi%3A3%3Bd%3A7.6%3B%7D; Comm=refNormotop; FileImg=images%2Fiphoto.jpg; FileProba=images%2Fiproba.jpeg; UserName=%D0%93%D0%BE%D1%81%D1%82%D1%8C; PersName=%D0%93%D0%BE%D1%81%D1%82%D1%8C; SignaPhoto=169; CurrStih=sorevnovanie-s-hakerami; NewsForm=1; PersMail=username%40example.com; PersPass=%D0%93%D0%BE%D1%81%D1%82%D1%8C; PunktMenu=osobennosti-ustrojstva-vintikov-v-moej-golove; BrowEntry=6733; PersEntry=5476
    [HTTP_ACCEPT_LANGUAGE] => ru,en-US;q=0.9,en;q=0.8
    [HTTP_ACCEPT_ENCODING] => gzip, deflate, br, zstd
    [HTTP_ACCEPT] => text/html,application/xhtml+xml,application/xml;q=0.9,image/avif,image/webp,image/apng,*/*;q=0.8,application/signed-exchange;v=b3;q=0.7
    [HTTP_CONTENT_LENGTH] => 0
    [HTTP_CONNECTION] => keep-alive
    [FCGI_ROLE] => RESPONDER
    [PHP_SELF] => /index.php
    [REQUEST_TIME_FLOAT] => 1775673889.2741
    [REQUEST_TIME] => 1775673889
)

